2025-12-22 08:44:56.208 [JavaFX-Launcher] INFO  o.s.boot.SpringApplication - Starting application using Java 21.0.9 with PID 28256 (started by mathe in e:\Projetos VSCODE\refatoracao-agricultura-java)
2025-12-22 08:44:56.214 [JavaFX-Launcher] INFO  o.s.boot.SpringApplication - No active profile set, falling back to 1 default profile: "default"
2025-12-22 08:44:57.247 [JavaFX-Launcher] INFO  o.s.d.r.c.RepositoryConfigurationDelegate - Bootstrapping Spring Data JPA repositories in DEFAULT mode.
2025-12-22 08:44:57.449 [JavaFX-Launcher] INFO  o.s.d.r.c.RepositoryConfigurationDelegate - Finished Spring Data repository scanning in 180 ms. Found 4 JPA repository interfaces.
2025-12-22 08:44:58.603 [JavaFX-Launcher] INFO  o.h.jpa.internal.util.LogHelper - HHH000204: Processing PersistenceUnitInfo [name: default]
2025-12-22 08:44:58.728 [JavaFX-Launcher] INFO  org.hibernate.Version - HHH000412: Hibernate ORM core version 6.3.1.Final
2025-12-22 08:44:58.807 [JavaFX-Launcher] INFO  o.h.c.i.RegionFactoryInitiator - HHH000026: Second-level cache disabled
2025-12-22 08:44:59.191 [JavaFX-Launcher] INFO  o.s.o.j.p.SpringPersistenceUnitInfo - No LoadTimeWeaver setup: ignoring JPA class transformer
2025-12-22 08:44:59.233 [JavaFX-Launcher] INFO  com.zaxxer.hikari.HikariDataSource - HikariPool-1 - Starting...
2025-12-22 08:44:59.454 [JavaFX-Launcher] INFO  com.zaxxer.hikari.pool.HikariPool - HikariPool-1 - Added connection org.sqlite.jdbc4.JDBC4Connection@7e7334e
2025-12-22 08:44:59.457 [JavaFX-Launcher] INFO  com.zaxxer.hikari.HikariDataSource - HikariPool-1 - Start completed.
2025-12-22 08:45:01.019 [JavaFX-Launcher] INFO  o.h.e.t.j.p.i.JtaPlatformInitiator - HHH000489: No JTA platform available (set 'hibernate.transaction.jta.platform' to enable JTA platform integration)
2025-12-22 08:45:01.070 [JavaFX-Launcher] INFO  o.s.o.j.LocalContainerEntityManagerFactoryBean - Initialized JPA EntityManagerFactory for persistence unit 'default'
2025-12-22 08:45:02.895 [JavaFX-Launcher] INFO  o.s.boot.SpringApplication - Started application in 7.512 seconds (process running for 9.532)
2025-12-22 08:45:02.914 [JavaFX-Launcher] INFO  c.a.sistema.service.BackupService - Backup antigo removido pela rotação: backup_2025-12-21_23-27-26.db
2025-12-22 08:45:02.915 [JavaFX-Launcher] INFO  c.a.sistema.service.BackupService - Backup automático realizado: backup_2025-12-22_08-45-02.db. Backups mantidos: 10
2025-12-22 08:45:10.107 [JavaFX Application Thread] WARN  o.h.e.jdbc.spi.SqlExceptionHelper - SQL Error: 0, SQLState: null
2025-12-22 08:45:10.108 [JavaFX Application Thread] ERROR o.h.e.jdbc.spi.SqlExceptionHelper - Error parsing date
2025-12-22 08:45:11.568 [JavaFX Application Thread] WARN  o.h.e.jdbc.spi.SqlExceptionHelper - SQL Error: 0, SQLState: null
2025-12-22 08:45:11.568 [JavaFX Application Thread] ERROR o.h.e.jdbc.spi.SqlExceptionHelper - Error parsing date
2025-12-22 08:45:22.522 [JavaFX Application Thread] INFO  c.a.sistema.service.ProdutorService - Produtor atualizado! ID: 1
2025-12-22 08:45:35.132 [JavaFX Application Thread] WARN  o.h.e.jdbc.spi.SqlExceptionHelper - SQL Error: 0, SQLState: null
2025-12-22 08:45:35.134 [JavaFX Application Thread] ERROR o.h.e.jdbc.spi.SqlExceptionHelper - Error parsing date
2025-12-22 08:45:35.770 [JavaFX Application Thread] WARN  o.h.e.jdbc.spi.SqlExceptionHelper - SQL Error: 0, SQLState: null
2025-12-22 08:45:35.770 [JavaFX Application Thread] ERROR o.h.e.jdbc.spi.SqlExceptionHelper - Error parsing date
2025-12-22 08:45:36.882 [JavaFX Application Thread] WARN  o.h.e.jdbc.spi.SqlExceptionHelper - SQL Error: 0, SQLState: null
2025-12-22 08:45:36.882 [JavaFX Application Thread] ERROR o.h.e.jdbc.spi.SqlExceptionHelper - Error parsing date
2025-12-22 08:45:37.344 [JavaFX Application Thread] WARN  o.h.e.jdbc.spi.SqlExceptionHelper - SQL Error: 0, SQLState: null
2025-12-22 08:45:37.344 [JavaFX Application Thread] ERROR o.h.e.jdbc.spi.SqlExceptionHelper - Error parsing date
2025-12-22 08:45:38.315 [JavaFX Application Thread] WARN  o.h.e.jdbc.spi.SqlExceptionHelper - SQL Error: 0, SQLState: null
2025-12-22 08:45:38.315 [JavaFX Application Thread] ERROR o.h.e.jdbc.spi.SqlExceptionHelper - Error parsing date
2025-12-22 08:45:38.720 [JavaFX Application Thread] WARN  o.h.e.jdbc.spi.SqlExceptionHelper - SQL Error: 0, SQLState: null
2025-12-22 08:45:38.720 [JavaFX Application Thread] ERROR o.h.e.jdbc.spi.SqlExceptionHelper - Error parsing date
2025-12-22 08:45:39.949 [JavaFX Application Thread] WARN  o.h.e.jdbc.spi.SqlExceptionHelper - SQL Error: 0, SQLState: null
2025-12-22 08:45:39.949 [JavaFX Application Thread] ERROR o.h.e.jdbc.spi.SqlExceptionHelper - Error parsing date
2025-12-22 08:45:43.388 [SpringApplicationShutdownHook] INFO  o.s.o.j.LocalContainerEntityManagerFactoryBean - Closing JPA EntityManagerFactory for persistence unit 'default'
2025-12-22 08:45:43.390 [SpringApplicationShutdownHook] INFO  com.zaxxer.hikari.HikariDataSource - HikariPool-1 - Shutdown initiated...
2025-12-22 08:45:43.395 [SpringApplicationShutdownHook] INFO  com.zaxxer.hikari.HikariDataSource - HikariPool-1 - Shutdown completed.
2025-12-22 08:54:45.429 [JavaFX-Launcher] INFO  o.s.boot.SpringApplication - Starting application using Java 21.0.9 with PID 16196 (started by mathe in e:\Projetos VSCODE\refatoracao-agricultura-java)
2025-12-22 08:54:45.433 [JavaFX-Launcher] INFO  o.s.boot.SpringApplication - No active profile set, falling back to 1 default profile: "default"
2025-12-22 08:54:46.490 [JavaFX-Launcher] INFO  o.s.d.r.c.RepositoryConfigurationDelegate - Bootstrapping Spring Data JPA repositories in DEFAULT mode.
2025-12-22 08:54:46.654 [JavaFX-Launcher] INFO  o.s.d.r.c.RepositoryConfigurationDelegate - Finished Spring Data repository scanning in 142 ms. Found 4 JPA repository interfaces.
2025-12-22 08:54:47.871 [JavaFX-Launcher] INFO  o.h.jpa.internal.util.LogHelper - HHH000204: Processing PersistenceUnitInfo [name: default]
2025-12-22 08:54:49.493 [JavaFX-Launcher] INFO  org.hibernate.Version - HHH000412: Hibernate ORM core version 6.3.1.Final
2025-12-22 08:54:49.586 [JavaFX-Launcher] INFO  o.h.c.i.RegionFactoryInitiator - HHH000026: Second-level cache disabled
2025-12-22 08:54:50.244 [JavaFX-Launcher] INFO  o.s.o.j.p.SpringPersistenceUnitInfo - No LoadTimeWeaver setup: ignoring JPA class transformer
2025-12-22 08:54:50.307 [JavaFX-Launcher] INFO  com.zaxxer.hikari.HikariDataSource - HikariPool-1 - Starting...
2025-12-22 08:54:50.593 [JavaFX-Launcher] INFO  com.zaxxer.hikari.pool.HikariPool - HikariPool-1 - Added connection org.sqlite.jdbc4.JDBC4Connection@69e2ba21
2025-12-22 08:54:50.597 [JavaFX-Launcher] INFO  com.zaxxer.hikari.HikariDataSource - HikariPool-1 - Start completed.
2025-12-22 08:54:52.804 [JavaFX-Launcher] INFO  o.h.e.t.j.p.i.JtaPlatformInitiator - HHH000489: No JTA platform available (set 'hibernate.transaction.jta.platform' to enable JTA platform integration)
2025-12-22 08:54:52.871 [JavaFX-Launcher] INFO  o.s.o.j.LocalContainerEntityManagerFactoryBean - Initialized JPA EntityManagerFactory for persistence unit 'default'
2025-12-22 08:54:54.841 [JavaFX-Launcher] INFO  o.s.boot.SpringApplication - Started application in 10.483 seconds (process running for 12.783)
2025-12-22 08:54:54.860 [JavaFX-Launcher] INFO  c.a.sistema.service.BackupService - Backup antigo removido pela rotação: backup_2025-12-21_23-27-43.db
2025-12-22 08:54:54.861 [JavaFX-Launcher] INFO  c.a.sistema.service.BackupService - Backup automático realizado: backup_2025-12-22_08-54-54.db. Backups mantidos: 10
2025-12-22 08:55:11.305 [JavaFX Application Thread] WARN  o.h.e.jdbc.spi.SqlExceptionHelper - SQL Error: 1, SQLState: null
2025-12-22 08:55:11.307 [JavaFX Application Thread] ERROR o.h.e.jdbc.spi.SqlExceptionHelper - [SQLITE_ERROR] SQL error or missing database (no such column: id)
2025-12-22 08:55:11.350 [JavaFX Application Thread] ERROR c.a.sistema.service.ProdutorService - Erro ao excluir produtor ID 247: 
org.springframework.orm.jpa.JpaSystemException: could not prepare statement [[SQLITE_ERROR] SQL error or missing database (no such column: id)] [UPDATE produtores SET deletado_em = CURRENT_TIMESTAMP WHERE id = ?]
	at org.springframework.orm.jpa.vendor.HibernateJpaDialect.convertHibernateAccessException(HibernateJpaDialect.java:341)
	at org.springframework.orm.jpa.vendor.HibernateJpaDialect.translateExceptionIfPossible(HibernateJpaDialect.java:241)
	at org.springframework.orm.jpa.JpaTransactionManager.doCommit(JpaTransactionManager.java:565)
	at org.springframework.transaction.support.AbstractPlatformTransactionManager.processCommit(AbstractPlatformTransactionManager.java:794)
	at org.springframework.transaction.support.AbstractPlatformTransactionManager.commit(AbstractPlatformTransactionManager.java:757)
	at org.springframework.transaction.interceptor.TransactionAspectSupport.commitTransactionAfterReturning(TransactionAspectSupport.java:669)
	at org.springframework.transaction.interceptor.TransactionAspectSupport.invokeWithinTransaction(TransactionAspectSupport.java:419)
	at org.springframework.transaction.interceptor.TransactionInterceptor.invoke(TransactionInterceptor.java:119)
	at org.springframework.aop.framework.ReflectiveMethodInvocation.proceed(ReflectiveMethodInvocation.java:184)
	at org.springframework.dao.support.PersistenceExceptionTranslationInterceptor.invoke(PersistenceExceptionTranslationInterceptor.java:137)
	at org.springframework.aop.framework.ReflectiveMethodInvocation.proceed(ReflectiveMethodInvocation.java:184)
	at org.springframework.data.jpa.repository.support.CrudMethodMetadataPostProcessor$CrudMethodMetadataPopulatingMethodInterceptor.invoke(CrudMethodMetadataPostProcessor.java:164)
	at org.springframework.aop.framework.ReflectiveMethodInvocation.proceed(ReflectiveMethodInvocation.java:184)
	at org.springframework.aop.interceptor.ExposeInvocationInterceptor.invoke(ExposeInvocationInterceptor.java:97)
	at org.springframework.aop.framework.ReflectiveMethodInvocation.proceed(ReflectiveMethodInvocation.java:184)
	at org.springframework.aop.framework.JdkDynamicAopProxy.invoke(JdkDynamicAopProxy.java:249)
	at jdk.proxy2/jdk.proxy2.$Proxy106.deleteById(Unknown Source)
	at com.agricultura.sistema.service.ProdutorService.delete(ProdutorService.java:102)
	at com.agricultura.sistema.controller.ProdutorController.onExcluir(ProdutorController.java:125)
	at java.base/jdk.internal.reflect.DirectMethodHandleAccessor.invoke(DirectMethodHandleAccessor.java:103)
	at java.base/java.lang.reflect.Method.invoke(Method.java:580)
	at com.sun.javafx.reflect.Trampoline.invoke(MethodUtil.java:72)
	at java.base/jdk.internal.reflect.DirectMethodHandleAccessor.invoke(DirectMethodHandleAccessor.java:103)
	at java.base/java.lang.reflect.Method.invoke(Method.java:580)
	at com.sun.javafx.reflect.MethodUtil.invoke(MethodUtil.java:270)
	at com.sun.javafx.fxml.MethodHelper.invoke(MethodHelper.java:84)
	at javafx.fxml.FXMLLoader$MethodHandler.invoke(FXMLLoader.java:1855)
	at javafx.fxml.FXMLLoader$ControllerMethodEventHandler.handle(FXMLLoader.java:1726)
	at com.sun.javafx.event.CompositeEventHandler.dispatchBubblingEvent(CompositeEventHandler.java:86)
	at com.sun.javafx.event.EventHandlerManager.dispatchBubblingEvent(EventHandlerManager.java:232)
	at com.sun.javafx.event.EventHandlerManager.dispatchBubblingEvent(EventHandlerManager.java:189)
	at com.sun.javafx.event.CompositeEventDispatcher.dispatchBubblingEvent(CompositeEventDispatcher.java:59)
	at com.sun.javafx.event.BasicEventDispatcher.dispatchEvent(BasicEventDispatcher.java:58)
	at com.sun.javafx.event.EventDispatchChainImpl.dispatchEvent(EventDispatchChainImpl.java:114)
	at com.sun.javafx.event.BasicEventDispatcher.dispatchEvent(BasicEventDispatcher.java:56)
	at com.sun.javafx.event.EventDispatchChainImpl.dispatchEvent(EventDispatchChainImpl.java:114)
	at com.sun.javafx.event.BasicEventDispatcher.dispatchEvent(BasicEventDispatcher.java:56)
	at com.sun.javafx.event.EventDispatchChainImpl.dispatchEvent(EventDispatchChainImpl.java:114)
	at com.sun.javafx.event.EventUtil.fireEventImpl(EventUtil.java:74)
	at com.sun.javafx.event.EventUtil.fireEvent(EventUtil.java:49)
	at javafx.event.Event.fireEvent(Event.java:198)
	at javafx.scene.Node.fireEvent(Node.java:8875)
	at javafx.scene.control.Button.fire(Button.java:203)
	at com.sun.javafx.scene.control.behavior.ButtonBehavior.mouseReleased(ButtonBehavior.java:207)
	at com.sun.javafx.scene.control.inputmap.InputMap.handle(InputMap.java:274)
	at com.sun.javafx.event.CompositeEventHandler$NormalEventHandlerRecord.handleBubblingEvent(CompositeEventHandler.java:247)
	at com.sun.javafx.event.CompositeEventHandler.dispatchBubblingEvent(CompositeEventHandler.java:80)
	at com.sun.javafx.event.EventHandlerManager.dispatchBubblingEvent(EventHandlerManager.java:232)
	at com.sun.javafx.event.EventHandlerManager.dispatchBubblingEvent(EventHandlerManager.java:189)
	at com.sun.javafx.event.CompositeEventDispatcher.dispatchBubblingEvent(CompositeEventDispatcher.java:59)
	at com.sun.javafx.event.BasicEventDispatcher.dispatchEvent(BasicEventDispatcher.java:58)
	at com.sun.javafx.event.EventDispatchChainImpl.dispatchEvent(EventDispatchChainImpl.java:114)
	at com.sun.javafx.event.BasicEventDispatcher.dispatchEvent(BasicEventDispatcher.java:56)
	at com.sun.javafx.event.EventDispatchChainImpl.dispatchEvent(EventDispatchChainImpl.java:114)
	at com.sun.javafx.event.BasicEventDispatcher.dispatchEvent(BasicEventDispatcher.java:56)
	at com.sun.javafx.event.EventDispatchChainImpl.dispatchEvent(EventDispatchChainImpl.java:114)
	at com.sun.javafx.event.EventUtil.fireEventImpl(EventUtil.java:74)
	at com.sun.javafx.event.EventUtil.fireEvent(EventUtil.java:54)
	at javafx.event.Event.fireEvent(Event.java:198)
	at javafx.scene.Scene$MouseHandler.process(Scene.java:3984)
	at javafx.scene.Scene.processMouseEvent(Scene.java:1890)
	at javafx.scene.Scene$ScenePeerListener.mouseEvent(Scene.java:2708)
	at com.sun.javafx.tk.quantum.GlassViewEventHandler$MouseEventNotification.run(GlassViewEventHandler.java:411)
	at com.sun.javafx.tk.quantum.GlassViewEventHandler$MouseEventNotification.run(GlassViewEventHandler.java:301)
	at java.base/java.security.AccessController.doPrivileged(AccessController.java:400)
	at com.sun.javafx.tk.quantum.GlassViewEventHandler.lambda$handleMouseEvent$2(GlassViewEventHandler.java:450)
	at com.sun.javafx.tk.quantum.QuantumToolkit.runWithoutRenderLock(QuantumToolkit.java:424)
	at com.sun.javafx.tk.quantum.GlassViewEventHandler.handleMouseEvent(GlassViewEventHandler.java:449)
	at com.sun.glass.ui.View.handleMouseEvent(View.java:551)
	at com.sun.glass.ui.View.notifyMouse(View.java:937)
	at com.sun.glass.ui.win.WinApplication._runLoop(Native Method)
	at com.sun.glass.ui.win.WinApplication.lambda$runLoop$3(WinApplication.java:185)
	at java.base/java.lang.Thread.run(Thread.java:1583)
Caused by: org.hibernate.exception.GenericJDBCException: could not prepare statement [[SQLITE_ERROR] SQL error or missing database (no such column: id)] [UPDATE produtores SET deletado_em = CURRENT_TIMESTAMP WHERE id = ?]
	at org.hibernate.exception.internal.StandardSQLExceptionConverter.convert(StandardSQLExceptionConverter.java:63)
	at org.hibernate.engine.jdbc.spi.SqlExceptionHelper.convert(SqlExceptionHelper.java:108)
	at org.hibernate.engine.jdbc.internal.MutationStatementPreparerImpl$StatementPreparationTemplate.prepareStatement(MutationStatementPreparerImpl.java:110)
	at org.hibernate.engine.jdbc.internal.MutationStatementPreparerImpl.prepareStatement(MutationStatementPreparerImpl.java:35)
	at org.hibernate.engine.jdbc.mutation.internal.ModelMutationHelper.standardStatementPreparation(ModelMutationHelper.java:145)
	at org.hibernate.engine.jdbc.mutation.internal.ModelMutationHelper.lambda$standardPreparation$0(ModelMutationHelper.java:118)
	at org.hibernate.engine.jdbc.mutation.internal.PreparedStatementDetailsStandard.resolveStatement(PreparedStatementDetailsStandard.java:87)
	at org.hibernate.persister.entity.mutation.DeleteCoordinator.applyId(DeleteCoordinator.java:225)
	at org.hibernate.persister.entity.mutation.DeleteCoordinator.doStaticDelete(DeleteCoordinator.java:265)
	at org.hibernate.persister.entity.mutation.DeleteCoordinator.coordinateDelete(DeleteCoordinator.java:86)
	at org.hibernate.persister.entity.AbstractEntityPersister.delete(AbstractEntityPersister.java:2971)
	at org.hibernate.action.internal.EntityDeleteAction.execute(EntityDeleteAction.java:131)
	at org.hibernate.engine.spi.ActionQueue.executeActions(ActionQueue.java:631)
	at org.hibernate.engine.spi.ActionQueue.executeActions(ActionQueue.java:498)
	at org.hibernate.event.internal.AbstractFlushingEventListener.performExecutions(AbstractFlushingEventListener.java:363)
	at org.hibernate.event.internal.DefaultFlushEventListener.onFlush(DefaultFlushEventListener.java:39)
	at org.hibernate.event.service.internal.EventListenerGroupImpl.fireEventOnEachListener(EventListenerGroupImpl.java:127)
	at org.hibernate.internal.SessionImpl.doFlush(SessionImpl.java:1415)
	at org.hibernate.internal.SessionImpl.managedFlush(SessionImpl.java:496)
	at org.hibernate.internal.SessionImpl.flushBeforeTransactionCompletion(SessionImpl.java:2325)
	at org.hibernate.internal.SessionImpl.beforeTransactionCompletion(SessionImpl.java:1988)
	at org.hibernate.engine.jdbc.internal.JdbcCoordinatorImpl.beforeTransactionCompletion(JdbcCoordinatorImpl.java:439)
	at org.hibernate.resource.transaction.backend.jdbc.internal.JdbcResourceLocalTransactionCoordinatorImpl.beforeCompletionCallback(JdbcResourceLocalTransactionCoordinatorImpl.java:169)
	at org.hibernate.resource.transaction.backend.jdbc.internal.JdbcResourceLocalTransactionCoordinatorImpl$TransactionDriverControlImpl.commit(JdbcResourceLocalTransactionCoordinatorImpl.java:267)
	at org.hibernate.engine.transaction.internal.TransactionImpl.commit(TransactionImpl.java:101)
	at org.springframework.orm.jpa.JpaTransactionManager.doCommit(JpaTransactionManager.java:561)
	... 70 common frames omitted
Caused by: org.sqlite.SQLiteException: [SQLITE_ERROR] SQL error or missing database (no such column: id)
	at org.sqlite.core.DB.newSQLException(DB.java:1179)
	at org.sqlite.core.DB.newSQLException(DB.java:1190)
	at org.sqlite.core.DB.throwex(DB.java:1150)
	at org.sqlite.core.NativeDB.prepare_utf8(Native Method)
	at org.sqlite.core.NativeDB.prepare(NativeDB.java:134)
	at org.sqlite.core.DB.prepare(DB.java:264)
	at org.sqlite.core.CorePreparedStatement.<init>(CorePreparedStatement.java:46)
	at org.sqlite.jdbc3.JDBC3PreparedStatement.<init>(JDBC3PreparedStatement.java:32)
	at org.sqlite.jdbc4.JDBC4PreparedStatement.<init>(JDBC4PreparedStatement.java:25)
	at org.sqlite.jdbc4.JDBC4Connection.prepareStatement(JDBC4Connection.java:34)
	at org.sqlite.jdbc3.JDBC3Connection.prepareStatement(JDBC3Connection.java:225)
	at org.sqlite.jdbc3.JDBC3Connection.prepareStatement(JDBC3Connection.java:205)
	at com.zaxxer.hikari.pool.ProxyConnection.prepareStatement(ProxyConnection.java:327)
	at com.zaxxer.hikari.pool.HikariProxyConnection.prepareStatement(HikariProxyConnection.java)
	at org.hibernate.engine.jdbc.internal.MutationStatementPreparerImpl$1.doPrepare(MutationStatementPreparerImpl.java:45)
	at org.hibernate.engine.jdbc.internal.MutationStatementPreparerImpl$StatementPreparationTemplate.prepareStatement(MutationStatementPreparerImpl.java:100)
	... 93 common frames omitted
2025-12-22 08:59:05.125 [JavaFX Application Thread] WARN  o.h.e.jdbc.spi.SqlExceptionHelper - SQL Error: 1, SQLState: null
2025-12-22 08:59:05.126 [JavaFX Application Thread] ERROR o.h.e.jdbc.spi.SqlExceptionHelper - [SQLITE_ERROR] SQL error or missing database (no such column: id)
2025-12-22 08:59:05.127 [JavaFX Application Thread] ERROR c.a.sistema.service.ProdutorService - Erro ao excluir produtor ID 247: 
org.springframework.orm.jpa.JpaSystemException: could not prepare statement [[SQLITE_ERROR] SQL error or missing database (no such column: id)] [UPDATE produtores SET deletado_em = CURRENT_TIMESTAMP WHERE id = ?]
	at org.springframework.orm.jpa.vendor.HibernateJpaDialect.convertHibernateAccessException(HibernateJpaDialect.java:341)
	at org.springframework.orm.jpa.vendor.HibernateJpaDialect.translateExceptionIfPossible(HibernateJpaDialect.java:241)
	at org.springframework.orm.jpa.JpaTransactionManager.doCommit(JpaTransactionManager.java:565)
	at org.springframework.transaction.support.AbstractPlatformTransactionManager.processCommit(AbstractPlatformTransactionManager.java:794)
	at org.springframework.transaction.support.AbstractPlatformTransactionManager.commit(AbstractPlatformTransactionManager.java:757)
	at org.springframework.transaction.interceptor.TransactionAspectSupport.commitTransactionAfterReturning(TransactionAspectSupport.java:669)
	at org.springframework.transaction.interceptor.TransactionAspectSupport.invokeWithinTransaction(TransactionAspectSupport.java:419)
	at org.springframework.transaction.interceptor.TransactionInterceptor.invoke(TransactionInterceptor.java:119)
	at org.springframework.aop.framework.ReflectiveMethodInvocation.proceed(ReflectiveMethodInvocation.java:184)
	at org.springframework.dao.support.PersistenceExceptionTranslationInterceptor.invoke(PersistenceExceptionTranslationInterceptor.java:137)
	at org.springframework.aop.framework.ReflectiveMethodInvocation.proceed(ReflectiveMethodInvocation.java:184)
	at org.springframework.data.jpa.repository.support.CrudMethodMetadataPostProcessor$CrudMethodMetadataPopulatingMethodInterceptor.invoke(CrudMethodMetadataPostProcessor.java:164)
	at org.springframework.aop.framework.ReflectiveMethodInvocation.proceed(ReflectiveMethodInvocation.java:184)
	at org.springframework.aop.interceptor.ExposeInvocationInterceptor.invoke(ExposeInvocationInterceptor.java:97)
	at org.springframework.aop.framework.ReflectiveMethodInvocation.proceed(ReflectiveMethodInvocation.java:184)
	at org.springframework.aop.framework.JdkDynamicAopProxy.invoke(JdkDynamicAopProxy.java:249)
	at jdk.proxy2/jdk.proxy2.$Proxy106.deleteById(Unknown Source)
	at com.agricultura.sistema.service.ProdutorService.delete(ProdutorService.java:102)
	at com.agricultura.sistema.controller.ProdutorController.onExcluir(ProdutorController.java:125)
	at java.base/jdk.internal.reflect.DirectMethodHandleAccessor.invoke(DirectMethodHandleAccessor.java:103)
	at java.base/java.lang.reflect.Method.invoke(Method.java:580)
	at com.sun.javafx.reflect.Trampoline.invoke(MethodUtil.java:72)
	at java.base/jdk.internal.reflect.DirectMethodHandleAccessor.invoke(DirectMethodHandleAccessor.java:103)
	at java.base/java.lang.reflect.Method.invoke(Method.java:580)
	at com.sun.javafx.reflect.MethodUtil.invoke(MethodUtil.java:270)
	at com.sun.javafx.fxml.MethodHelper.invoke(MethodHelper.java:84)
	at javafx.fxml.FXMLLoader$MethodHandler.invoke(FXMLLoader.java:1855)
	at javafx.fxml.FXMLLoader$ControllerMethodEventHandler.handle(FXMLLoader.java:1726)
	at com.sun.javafx.event.CompositeEventHandler.dispatchBubblingEvent(CompositeEventHandler.java:86)
	at com.sun.javafx.event.EventHandlerManager.dispatchBubblingEvent(EventHandlerManager.java:232)
	at com.sun.javafx.event.EventHandlerManager.dispatchBubblingEvent(EventHandlerManager.java:189)
	at com.sun.javafx.event.CompositeEventDispatcher.dispatchBubblingEvent(CompositeEventDispatcher.java:59)
	at com.sun.javafx.event.BasicEventDispatcher.dispatchEvent(BasicEventDispatcher.java:58)
	at com.sun.javafx.event.EventDispatchChainImpl.dispatchEvent(EventDispatchChainImpl.java:114)
	at com.sun.javafx.event.BasicEventDispatcher.dispatchEvent(BasicEventDispatcher.java:56)
	at com.sun.javafx.event.EventDispatchChainImpl.dispatchEvent(EventDispatchChainImpl.java:114)
	at com.sun.javafx.event.BasicEventDispatcher.dispatchEvent(BasicEventDispatcher.java:56)
	at com.sun.javafx.event.EventDispatchChainImpl.dispatchEvent(EventDispatchChainImpl.java:114)
	at com.sun.javafx.event.EventUtil.fireEventImpl(EventUtil.java:74)
	at com.sun.javafx.event.EventUtil.fireEvent(EventUtil.java:49)
	at javafx.event.Event.fireEvent(Event.java:198)
	at javafx.scene.Node.fireEvent(Node.java:8875)
	at javafx.scene.control.Button.fire(Button.java:203)
	at com.sun.javafx.scene.control.behavior.ButtonBehavior.mouseReleased(ButtonBehavior.java:207)
	at com.sun.javafx.scene.control.inputmap.InputMap.handle(InputMap.java:274)
	at com.sun.javafx.event.CompositeEventHandler$NormalEventHandlerRecord.handleBubblingEvent(CompositeEventHandler.java:247)
	at com.sun.javafx.event.CompositeEventHandler.dispatchBubblingEvent(CompositeEventHandler.java:80)
	at com.sun.javafx.event.EventHandlerManager.dispatchBubblingEvent(EventHandlerManager.java:232)
	at com.sun.javafx.event.EventHandlerManager.dispatchBubblingEvent(EventHandlerManager.java:189)
	at com.sun.javafx.event.CompositeEventDispatcher.dispatchBubblingEvent(CompositeEventDispatcher.java:59)
	at com.sun.javafx.event.BasicEventDispatcher.dispatchEvent(BasicEventDispatcher.java:58)
	at com.sun.javafx.event.EventDispatchChainImpl.dispatchEvent(EventDispatchChainImpl.java:114)
	at com.sun.javafx.event.BasicEventDispatcher.dispatchEvent(BasicEventDispatcher.java:56)
	at com.sun.javafx.event.EventDispatchChainImpl.dispatchEvent(EventDispatchChainImpl.java:114)
	at com.sun.javafx.event.BasicEventDispatcher.dispatchEvent(BasicEventDispatcher.java:56)
	at com.sun.javafx.event.EventDispatchChainImpl.dispatchEvent(EventDispatchChainImpl.java:114)
	at com.sun.javafx.event.EventUtil.fireEventImpl(EventUtil.java:74)
	at com.sun.javafx.event.EventUtil.fireEvent(EventUtil.java:54)
	at javafx.event.Event.fireEvent(Event.java:198)
	at javafx.scene.Scene$MouseHandler.process(Scene.java:3984)
	at javafx.scene.Scene.processMouseEvent(Scene.java:1890)
	at javafx.scene.Scene$ScenePeerListener.mouseEvent(Scene.java:2708)
	at com.sun.javafx.tk.quantum.GlassViewEventHandler$MouseEventNotification.run(GlassViewEventHandler.java:411)
	at com.sun.javafx.tk.quantum.GlassViewEventHandler$MouseEventNotification.run(GlassViewEventHandler.java:301)
	at java.base/java.security.AccessController.doPrivileged(AccessController.java:400)
	at com.sun.javafx.tk.quantum.GlassViewEventHandler.lambda$handleMouseEvent$2(GlassViewEventHandler.java:450)
	at com.sun.javafx.tk.quantum.QuantumToolkit.runWithoutRenderLock(QuantumToolkit.java:424)
	at com.sun.javafx.tk.quantum.GlassViewEventHandler.handleMouseEvent(GlassViewEventHandler.java:449)
	at com.sun.glass.ui.View.handleMouseEvent(View.java:551)
	at com.sun.glass.ui.View.notifyMouse(View.java:937)
	at com.sun.glass.ui.win.WinApplication._runLoop(Native Method)
	at com.sun.glass.ui.win.WinApplication.lambda$runLoop$3(WinApplication.java:185)
	at java.base/java.lang.Thread.run(Thread.java:1583)
Caused by: org.hibernate.exception.GenericJDBCException: could not prepare statement [[SQLITE_ERROR] SQL error or missing database (no such column: id)] [UPDATE produtores SET deletado_em = CURRENT_TIMESTAMP WHERE id = ?]
	at org.hibernate.exception.internal.StandardSQLExceptionConverter.convert(StandardSQLExceptionConverter.java:63)
	at org.hibernate.engine.jdbc.spi.SqlExceptionHelper.convert(SqlExceptionHelper.java:108)
	at org.hibernate.engine.jdbc.internal.MutationStatementPreparerImpl$StatementPreparationTemplate.prepareStatement(MutationStatementPreparerImpl.java:110)
	at org.hibernate.engine.jdbc.internal.MutationStatementPreparerImpl.prepareStatement(MutationStatementPreparerImpl.java:35)
	at org.hibernate.engine.jdbc.mutation.internal.ModelMutationHelper.standardStatementPreparation(ModelMutationHelper.java:145)
	at org.hibernate.engine.jdbc.mutation.internal.ModelMutationHelper.lambda$standardPreparation$0(ModelMutationHelper.java:118)
	at org.hibernate.engine.jdbc.mutation.internal.PreparedStatementDetailsStandard.resolveStatement(PreparedStatementDetailsStandard.java:87)
	at org.hibernate.persister.entity.mutation.DeleteCoordinator.applyId(DeleteCoordinator.java:225)
	at org.hibernate.persister.entity.mutation.DeleteCoordinator.doStaticDelete(DeleteCoordinator.java:265)
	at org.hibernate.persister.entity.mutation.DeleteCoordinator.coordinateDelete(DeleteCoordinator.java:86)
	at org.hibernate.persister.entity.AbstractEntityPersister.delete(AbstractEntityPersister.java:2971)
	at org.hibernate.action.internal.EntityDeleteAction.execute(EntityDeleteAction.java:131)
	at org.hibernate.engine.spi.ActionQueue.executeActions(ActionQueue.java:631)
	at org.hibernate.engine.spi.ActionQueue.executeActions(ActionQueue.java:498)
	at org.hibernate.event.internal.AbstractFlushingEventListener.performExecutions(AbstractFlushingEventListener.java:363)
	at org.hibernate.event.internal.DefaultFlushEventListener.onFlush(DefaultFlushEventListener.java:39)
	at org.hibernate.event.service.internal.EventListenerGroupImpl.fireEventOnEachListener(EventListenerGroupImpl.java:127)
	at org.hibernate.internal.SessionImpl.doFlush(SessionImpl.java:1415)
	at org.hibernate.internal.SessionImpl.managedFlush(SessionImpl.java:496)
	at org.hibernate.internal.SessionImpl.flushBeforeTransactionCompletion(SessionImpl.java:2325)
	at org.hibernate.internal.SessionImpl.beforeTransactionCompletion(SessionImpl.java:1988)
	at org.hibernate.engine.jdbc.internal.JdbcCoordinatorImpl.beforeTransactionCompletion(JdbcCoordinatorImpl.java:439)
	at org.hibernate.resource.transaction.backend.jdbc.internal.JdbcResourceLocalTransactionCoordinatorImpl.beforeCompletionCallback(JdbcResourceLocalTransactionCoordinatorImpl.java:169)
	at org.hibernate.resource.transaction.backend.jdbc.internal.JdbcResourceLocalTransactionCoordinatorImpl$TransactionDriverControlImpl.commit(JdbcResourceLocalTransactionCoordinatorImpl.java:267)
	at org.hibernate.engine.transaction.internal.TransactionImpl.commit(TransactionImpl.java:101)
	at org.springframework.orm.jpa.JpaTransactionManager.doCommit(JpaTransactionManager.java:561)
	... 70 common frames omitted
Caused by: org.sqlite.SQLiteException: [SQLITE_ERROR] SQL error or missing database (no such column: id)
	at org.sqlite.core.DB.newSQLException(DB.java:1179)
	at org.sqlite.core.DB.newSQLException(DB.java:1190)
	at org.sqlite.core.DB.throwex(DB.java:1150)
	at org.sqlite.core.NativeDB.prepare_utf8(Native Method)
	at org.sqlite.core.NativeDB.prepare(NativeDB.java:134)
	at org.sqlite.core.DB.prepare(DB.java:264)
	at org.sqlite.core.CorePreparedStatement.<init>(CorePreparedStatement.java:46)
	at org.sqlite.jdbc3.JDBC3PreparedStatement.<init>(JDBC3PreparedStatement.java:32)
	at org.sqlite.jdbc4.JDBC4PreparedStatement.<init>(JDBC4PreparedStatement.java:25)
	at org.sqlite.jdbc4.JDBC4Connection.prepareStatement(JDBC4Connection.java:34)
	at org.sqlite.jdbc3.JDBC3Connection.prepareStatement(JDBC3Connection.java:225)
	at org.sqlite.jdbc3.JDBC3Connection.prepareStatement(JDBC3Connection.java:205)
	at com.zaxxer.hikari.pool.ProxyConnection.prepareStatement(ProxyConnection.java:327)
	at com.zaxxer.hikari.pool.HikariProxyConnection.prepareStatement(HikariProxyConnection.java)
	at org.hibernate.engine.jdbc.internal.MutationStatementPreparerImpl$1.doPrepare(MutationStatementPreparerImpl.java:45)
	at org.hibernate.engine.jdbc.internal.MutationStatementPreparerImpl$StatementPreparationTemplate.prepareStatement(MutationStatementPreparerImpl.java:100)
	... 93 common frames omitted
2025-12-22 08:59:10.655 [JavaFX Application Thread] INFO  o.s.o.j.LocalContainerEntityManagerFactoryBean - Closing JPA EntityManagerFactory for persistence unit 'default'
2025-12-22 08:59:10.658 [JavaFX Application Thread] INFO  com.zaxxer.hikari.HikariDataSource - HikariPool-1 - Shutdown initiated...
2025-12-22 08:59:10.685 [JavaFX Application Thread] INFO  com.zaxxer.hikari.HikariDataSource - HikariPool-1 - Shutdown completed.
2025-12-22 08:59:24.727 [JavaFX-Launcher] INFO  o.s.boot.SpringApplication - Starting application using Java 21.0.9 with PID 32192 (started by mathe in e:\Projetos VSCODE\refatoracao-agricultura-java)
2025-12-22 08:59:24.730 [JavaFX-Launcher] INFO  o.s.boot.SpringApplication - No active profile set, falling back to 1 default profile: "default"
2025-12-22 08:59:25.675 [JavaFX-Launcher] INFO  o.s.d.r.c.RepositoryConfigurationDelegate - Bootstrapping Spring Data JPA repositories in DEFAULT mode.
2025-12-22 08:59:25.848 [JavaFX-Launcher] INFO  o.s.d.r.c.RepositoryConfigurationDelegate - Finished Spring Data repository scanning in 143 ms. Found 4 JPA repository interfaces.
2025-12-22 08:59:26.831 [JavaFX-Launcher] INFO  o.h.jpa.internal.util.LogHelper - HHH000204: Processing PersistenceUnitInfo [name: default]
2025-12-22 08:59:27.028 [JavaFX-Launcher] INFO  org.hibernate.Version - HHH000412: Hibernate ORM core version 6.3.1.Final
2025-12-22 08:59:27.109 [JavaFX-Launcher] INFO  o.h.c.i.RegionFactoryInitiator - HHH000026: Second-level cache disabled
2025-12-22 08:59:27.511 [JavaFX-Launcher] INFO  o.s.o.j.p.SpringPersistenceUnitInfo - No LoadTimeWeaver setup: ignoring JPA class transformer
2025-12-22 08:59:27.565 [JavaFX-Launcher] INFO  com.zaxxer.hikari.HikariDataSource - HikariPool-1 - Starting...
2025-12-22 08:59:27.972 [JavaFX-Launcher] INFO  com.zaxxer.hikari.pool.HikariPool - HikariPool-1 - Added connection org.sqlite.jdbc4.JDBC4Connection@5c692240
2025-12-22 08:59:27.975 [JavaFX-Launcher] INFO  com.zaxxer.hikari.HikariDataSource - HikariPool-1 - Start completed.
2025-12-22 08:59:29.611 [JavaFX-Launcher] INFO  o.h.e.t.j.p.i.JtaPlatformInitiator - HHH000489: No JTA platform available (set 'hibernate.transaction.jta.platform' to enable JTA platform integration)
2025-12-22 08:59:29.664 [JavaFX-Launcher] INFO  o.s.o.j.LocalContainerEntityManagerFactoryBean - Initialized JPA EntityManagerFactory for persistence unit 'default'
2025-12-22 08:59:31.339 [JavaFX-Launcher] INFO  o.s.boot.SpringApplication - Started application in 7.645 seconds (process running for 9.584)
2025-12-22 08:59:31.363 [JavaFX-Launcher] INFO  c.a.sistema.service.BackupService - Backup antigo removido pela rotação: backup_2025-12-21_23-32-48.db
2025-12-22 08:59:31.364 [JavaFX-Launcher] INFO  c.a.sistema.service.BackupService - Backup automático realizado: backup_2025-12-22_08-59-31.db. Backups mantidos: 10
2025-12-22 08:59:44.921 [JavaFX Application Thread] INFO  c.a.sistema.service.ProdutorService - Soft delete do Produtor ID: 247 realizado com sucesso.
2025-12-22 08:59:54.027 [JavaFX Application Thread] INFO  c.a.sistema.service.ProdutorService - Soft delete do Produtor ID: 246 realizado com sucesso.
2025-12-22 09:00:53.878 [JavaFX Application Thread] WARN  o.h.e.jdbc.spi.SqlExceptionHelper - SQL Error: 0, SQLState: null
2025-12-22 09:00:53.878 [JavaFX Application Thread] ERROR o.h.e.jdbc.spi.SqlExceptionHelper - Error parsing date
2025-12-22 09:01:13.254 [JavaFX Application Thread] WARN  o.h.e.jdbc.spi.SqlExceptionHelper - SQL Error: 0, SQLState: null
2025-12-22 09:01:13.254 [JavaFX Application Thread] ERROR o.h.e.jdbc.spi.SqlExceptionHelper - Error parsing date
2025-12-22 09:01:21.640 [JavaFX Application Thread] WARN  o.h.e.jdbc.spi.SqlExceptionHelper - SQL Error: 0, SQLState: null
2025-12-22 09:01:21.640 [JavaFX Application Thread] ERROR o.h.e.jdbc.spi.SqlExceptionHelper - Error parsing date
2025-12-22 09:01:30.416 [SpringApplicationShutdownHook] INFO  o.s.o.j.LocalContainerEntityManagerFactoryBean - Closing JPA EntityManagerFactory for persistence unit 'default'
2025-12-22 09:01:30.421 [SpringApplicationShutdownHook] INFO  com.zaxxer.hikari.HikariDataSource - HikariPool-1 - Shutdown initiated...
2025-12-22 09:01:30.428 [SpringApplicationShutdownHook] INFO  com.zaxxer.hikari.HikariDataSource - HikariPool-1 - Shutdown completed.
2025-12-22 09:17:26.305 [JavaFX-Launcher] INFO  o.s.boot.SpringApplication - Starting application using Java 21.0.9 with PID 32280 (started by mathe in e:\Projetos VSCODE\refatoracao-agricultura-java)
2025-12-22 09:17:26.313 [JavaFX-Launcher] INFO  o.s.boot.SpringApplication - No active profile set, falling back to 1 default profile: "default"
2025-12-22 09:17:27.605 [JavaFX-Launcher] INFO  o.s.d.r.c.RepositoryConfigurationDelegate - Bootstrapping Spring Data JPA repositories in DEFAULT mode.
2025-12-22 09:17:27.813 [JavaFX-Launcher] INFO  o.s.d.r.c.RepositoryConfigurationDelegate - Finished Spring Data repository scanning in 179 ms. Found 4 JPA repository interfaces.
2025-12-22 09:17:29.116 [JavaFX-Launcher] INFO  o.h.jpa.internal.util.LogHelper - HHH000204: Processing PersistenceUnitInfo [name: default]
2025-12-22 09:17:29.342 [JavaFX-Launcher] INFO  org.hibernate.Version - HHH000412: Hibernate ORM core version 6.3.1.Final
2025-12-22 09:17:29.521 [JavaFX-Launcher] INFO  o.h.c.i.RegionFactoryInitiator - HHH000026: Second-level cache disabled
2025-12-22 09:17:30.101 [JavaFX-Launcher] INFO  o.s.o.j.p.SpringPersistenceUnitInfo - No LoadTimeWeaver setup: ignoring JPA class transformer
2025-12-22 09:17:30.151 [JavaFX-Launcher] INFO  com.zaxxer.hikari.HikariDataSource - HikariPool-1 - Starting...
2025-12-22 09:17:30.393 [JavaFX-Launcher] INFO  com.zaxxer.hikari.pool.HikariPool - HikariPool-1 - Added connection org.sqlite.jdbc4.JDBC4Connection@1c6e3da9
2025-12-22 09:17:30.399 [JavaFX-Launcher] INFO  com.zaxxer.hikari.HikariDataSource - HikariPool-1 - Start completed.
2025-12-22 09:17:32.819 [JavaFX-Launcher] INFO  o.h.e.t.j.p.i.JtaPlatformInitiator - HHH000489: No JTA platform available (set 'hibernate.transaction.jta.platform' to enable JTA platform integration)
2025-12-22 09:17:32.917 [JavaFX-Launcher] INFO  o.s.o.j.LocalContainerEntityManagerFactoryBean - Initialized JPA EntityManagerFactory for persistence unit 'default'
2025-12-22 09:17:34.926 [JavaFX-Launcher] INFO  o.s.boot.SpringApplication - Started application in 9.798 seconds (process running for 12.29)
2025-12-22 09:17:34.951 [JavaFX-Launcher] INFO  c.a.sistema.service.BackupService - Backup antigo removido pela rotação: backup_2025-12-21_23-32-54.db
2025-12-22 09:17:34.953 [JavaFX-Launcher] INFO  c.a.sistema.service.BackupService - Backup automático realizado: backup_2025-12-22_09-17-34.db. Backups mantidos: 10
2025-12-22 09:17:49.613 [JavaFX Application Thread] WARN  o.h.e.jdbc.spi.SqlExceptionHelper - SQL Error: 0, SQLState: null
2025-12-22 09:17:49.613 [JavaFX Application Thread] ERROR o.h.e.jdbc.spi.SqlExceptionHelper - Error parsing date
2025-12-22 09:17:54.497 [SpringApplicationShutdownHook] INFO  o.s.o.j.LocalContainerEntityManagerFactoryBean - Closing JPA EntityManagerFactory for persistence unit 'default'
2025-12-22 09:17:54.502 [SpringApplicationShutdownHook] INFO  com.zaxxer.hikari.HikariDataSource - HikariPool-1 - Shutdown initiated...
2025-12-22 09:17:54.515 [SpringApplicationShutdownHook] INFO  com.zaxxer.hikari.HikariDataSource - HikariPool-1 - Shutdown completed.
2025-12-22 09:19:26.964 [JavaFX-Launcher] INFO  o.s.boot.SpringApplication - Starting application using Java 21.0.9 with PID 32736 (started by mathe in e:\Projetos VSCODE\refatoracao-agricultura-java)
2025-12-22 09:19:26.970 [JavaFX-Launcher] INFO  o.s.boot.SpringApplication - No active profile set, falling back to 1 default profile: "default"
2025-12-22 09:19:28.049 [JavaFX-Launcher] INFO  o.s.d.r.c.RepositoryConfigurationDelegate - Bootstrapping Spring Data JPA repositories in DEFAULT mode.
2025-12-22 09:19:28.260 [JavaFX-Launcher] INFO  o.s.d.r.c.RepositoryConfigurationDelegate - Finished Spring Data repository scanning in 185 ms. Found 4 JPA repository interfaces.
2025-12-22 09:19:29.595 [JavaFX-Launcher] INFO  o.h.jpa.internal.util.LogHelper - HHH000204: Processing PersistenceUnitInfo [name: default]
2025-12-22 09:19:29.873 [JavaFX-Launcher] INFO  org.hibernate.Version - HHH000412: Hibernate ORM core version 6.3.1.Final
2025-12-22 09:19:30.040 [JavaFX-Launcher] INFO  o.h.c.i.RegionFactoryInitiator - HHH000026: Second-level cache disabled
2025-12-22 09:19:30.746 [JavaFX-Launcher] INFO  o.s.o.j.p.SpringPersistenceUnitInfo - No LoadTimeWeaver setup: ignoring JPA class transformer
2025-12-22 09:19:30.803 [JavaFX-Launcher] INFO  com.zaxxer.hikari.HikariDataSource - HikariPool-1 - Starting...
2025-12-22 09:19:31.210 [JavaFX-Launcher] INFO  com.zaxxer.hikari.pool.HikariPool - HikariPool-1 - Added connection org.sqlite.jdbc4.JDBC4Connection@5c692240
2025-12-22 09:19:31.215 [JavaFX-Launcher] INFO  com.zaxxer.hikari.HikariDataSource - HikariPool-1 - Start completed.
2025-12-22 09:19:33.285 [JavaFX-Launcher] INFO  o.h.e.t.j.p.i.JtaPlatformInitiator - HHH000489: No JTA platform available (set 'hibernate.transaction.jta.platform' to enable JTA platform integration)
2025-12-22 09:19:33.352 [JavaFX-Launcher] INFO  o.s.o.j.LocalContainerEntityManagerFactoryBean - Initialized JPA EntityManagerFactory for persistence unit 'default'
2025-12-22 09:19:35.209 [JavaFX-Launcher] INFO  o.s.boot.SpringApplication - Started application in 9.478 seconds (process running for 11.737)
2025-12-22 09:19:35.228 [JavaFX-Launcher] INFO  c.a.sistema.service.BackupService - Backup antigo removido pela rotação: backup_2025-12-21_23-34-08.db
2025-12-22 09:19:35.230 [JavaFX-Launcher] INFO  c.a.sistema.service.BackupService - Backup automático realizado: backup_2025-12-22_09-19-35.db. Backups mantidos: 10
2025-12-22 09:19:49.693 [JavaFX Application Thread] WARN  o.h.e.jdbc.spi.SqlExceptionHelper - SQL Error: 0, SQLState: null
2025-12-22 09:19:49.693 [JavaFX Application Thread] ERROR o.h.e.jdbc.spi.SqlExceptionHelper - Error parsing date
2025-12-22 09:19:56.922 [SpringApplicationShutdownHook] INFO  o.s.o.j.LocalContainerEntityManagerFactoryBean - Closing JPA EntityManagerFactory for persistence unit 'default'
2025-12-22 09:19:56.927 [SpringApplicationShutdownHook] INFO  com.zaxxer.hikari.HikariDataSource - HikariPool-1 - Shutdown initiated...
2025-12-22 09:19:56.929 [SpringApplicationShutdownHook] INFO  com.zaxxer.hikari.HikariDataSource - HikariPool-1 - Shutdown completed.
2025-12-22 09:35:20.020 [JavaFX-Launcher] INFO  o.s.boot.SpringApplication - Starting application using Java 21.0.9 with PID 22696 (started by mathe in e:\Projetos VSCODE\refatoracao-agricultura-java)
2025-12-22 09:35:20.024 [JavaFX-Launcher] INFO  o.s.boot.SpringApplication - No active profile set, falling back to 1 default profile: "default"
2025-12-22 09:35:21.156 [JavaFX-Launcher] INFO  o.s.d.r.c.RepositoryConfigurationDelegate - Bootstrapping Spring Data JPA repositories in DEFAULT mode.
2025-12-22 09:35:21.335 [JavaFX-Launcher] INFO  o.s.d.r.c.RepositoryConfigurationDelegate - Finished Spring Data repository scanning in 158 ms. Found 4 JPA repository interfaces.
2025-12-22 09:35:22.328 [JavaFX-Launcher] INFO  o.h.jpa.internal.util.LogHelper - HHH000204: Processing PersistenceUnitInfo [name: default]
2025-12-22 09:35:22.416 [JavaFX-Launcher] INFO  org.hibernate.Version - HHH000412: Hibernate ORM core version 6.3.1.Final
2025-12-22 09:35:22.480 [JavaFX-Launcher] INFO  o.h.c.i.RegionFactoryInitiator - HHH000026: Second-level cache disabled
2025-12-22 09:35:23.027 [JavaFX-Launcher] INFO  o.s.o.j.p.SpringPersistenceUnitInfo - No LoadTimeWeaver setup: ignoring JPA class transformer
2025-12-22 09:35:23.057 [JavaFX-Launcher] INFO  com.zaxxer.hikari.HikariDataSource - HikariPool-1 - Starting...
2025-12-22 09:35:23.235 [JavaFX-Launcher] INFO  com.zaxxer.hikari.pool.HikariPool - HikariPool-1 - Added connection org.sqlite.jdbc4.JDBC4Connection@69135fa3
2025-12-22 09:35:23.239 [JavaFX-Launcher] INFO  com.zaxxer.hikari.HikariDataSource - HikariPool-1 - Start completed.
2025-12-22 09:35:25.023 [JavaFX-Launcher] INFO  o.h.e.t.j.p.i.JtaPlatformInitiator - HHH000489: No JTA platform available (set 'hibernate.transaction.jta.platform' to enable JTA platform integration)
2025-12-22 09:35:25.079 [JavaFX-Launcher] INFO  o.s.o.j.LocalContainerEntityManagerFactoryBean - Initialized JPA EntityManagerFactory for persistence unit 'default'
2025-12-22 09:35:26.554 [JavaFX-Launcher] INFO  o.s.boot.SpringApplication - Started application in 7.413 seconds (process running for 9.474)
2025-12-22 09:35:26.950 [JavaFX-Launcher] INFO  c.a.sistema.service.BackupService - Backup antigo removido pela rotação: backup_2025-12-21_23-34-15.db
2025-12-22 09:35:26.950 [JavaFX-Launcher] INFO  c.a.sistema.service.BackupService - Backup automático realizado: backup_2025-12-22_09-35-26.db. Backups mantidos: 10
2025-12-22 09:35:40.565 [JavaFX Application Thread] WARN  o.h.e.jdbc.spi.SqlExceptionHelper - SQL Error: 0, SQLState: null
2025-12-22 09:35:40.565 [JavaFX Application Thread] ERROR o.h.e.jdbc.spi.SqlExceptionHelper - Error parsing date
2025-12-22 09:35:43.457 [SpringApplicationShutdownHook] INFO  o.s.o.j.LocalContainerEntityManagerFactoryBean - Closing JPA EntityManagerFactory for persistence unit 'default'
2025-12-22 09:35:43.461 [SpringApplicationShutdownHook] INFO  com.zaxxer.hikari.HikariDataSource - HikariPool-1 - Shutdown initiated...
2025-12-22 09:35:43.467 [SpringApplicationShutdownHook] INFO  com.zaxxer.hikari.HikariDataSource - HikariPool-1 - Shutdown completed.
2025-12-22 09:37:53.725 [JavaFX-Launcher] INFO  o.s.boot.SpringApplication - Starting application using Java 21.0.9 with PID 12584 (started by mathe in e:\Projetos VSCODE\refatoracao-agricultura-java)
2025-12-22 09:37:53.728 [JavaFX-Launcher] INFO  o.s.boot.SpringApplication - No active profile set, falling back to 1 default profile: "default"
2025-12-22 09:37:54.837 [JavaFX-Launcher] INFO  o.s.d.r.c.RepositoryConfigurationDelegate - Bootstrapping Spring Data JPA repositories in DEFAULT mode.
2025-12-22 09:37:54.996 [JavaFX-Launcher] INFO  o.s.d.r.c.RepositoryConfigurationDelegate - Finished Spring Data repository scanning in 130 ms. Found 4 JPA repository interfaces.
2025-12-22 09:37:56.002 [JavaFX-Launcher] INFO  o.h.jpa.internal.util.LogHelper - HHH000204: Processing PersistenceUnitInfo [name: default]
2025-12-22 09:37:57.601 [JavaFX-Launcher] INFO  org.hibernate.Version - HHH000412: Hibernate ORM core version 6.3.1.Final
2025-12-22 09:37:57.664 [JavaFX-Launcher] INFO  o.h.c.i.RegionFactoryInitiator - HHH000026: Second-level cache disabled
2025-12-22 09:37:58.132 [JavaFX-Launcher] INFO  o.s.o.j.p.SpringPersistenceUnitInfo - No LoadTimeWeaver setup: ignoring JPA class transformer
2025-12-22 09:37:58.184 [JavaFX-Launcher] INFO  com.zaxxer.hikari.HikariDataSource - HikariPool-1 - Starting...
2025-12-22 09:37:58.423 [JavaFX-Launcher] INFO  com.zaxxer.hikari.pool.HikariPool - HikariPool-1 - Added connection org.sqlite.jdbc4.JDBC4Connection@7dc325af
2025-12-22 09:37:58.426 [JavaFX-Launcher] INFO  com.zaxxer.hikari.HikariDataSource - HikariPool-1 - Start completed.
2025-12-22 09:37:59.878 [JavaFX-Launcher] INFO  o.h.e.t.j.p.i.JtaPlatformInitiator - HHH000489: No JTA platform available (set 'hibernate.transaction.jta.platform' to enable JTA platform integration)
2025-12-22 09:37:59.935 [JavaFX-Launcher] INFO  o.s.o.j.LocalContainerEntityManagerFactoryBean - Initialized JPA EntityManagerFactory for persistence unit 'default'
2025-12-22 09:38:01.399 [JavaFX-Launcher] INFO  o.s.boot.SpringApplication - Started application in 8.987 seconds (process running for 11.008)
2025-12-22 09:38:01.413 [JavaFX-Launcher] INFO  c.a.sistema.service.BackupService - Backup antigo removido pela rotação: backup_2025-12-21_23-36-21.db
2025-12-22 09:38:01.416 [JavaFX-Launcher] INFO  c.a.sistema.service.BackupService - Backup automático realizado: backup_2025-12-22_09-38-01.db. Backups mantidos: 10
2025-12-22 09:38:13.080 [JavaFX Application Thread] WARN  o.h.e.jdbc.spi.SqlExceptionHelper - SQL Error: 0, SQLState: null
2025-12-22 09:38:13.080 [JavaFX Application Thread] ERROR o.h.e.jdbc.spi.SqlExceptionHelper - Error parsing date
2025-12-22 09:38:15.607 [SpringApplicationShutdownHook] INFO  o.s.o.j.LocalContainerEntityManagerFactoryBean - Closing JPA EntityManagerFactory for persistence unit 'default'
2025-12-22 09:38:15.611 [SpringApplicationShutdownHook] INFO  com.zaxxer.hikari.HikariDataSource - HikariPool-1 - Shutdown initiated...
2025-12-22 09:38:15.616 [SpringApplicationShutdownHook] INFO  com.zaxxer.hikari.HikariDataSource - HikariPool-1 - Shutdown completed.
2025-12-22 09:38:35.678 [JavaFX-Launcher] INFO  o.s.boot.SpringApplication - Starting application using Java 21.0.9 with PID 24076 (started by mathe in e:\Projetos VSCODE\refatoracao-agricultura-java)
2025-12-22 09:38:35.683 [JavaFX-Launcher] INFO  o.s.boot.SpringApplication - No active profile set, falling back to 1 default profile: "default"
2025-12-22 09:38:36.686 [JavaFX-Launcher] INFO  o.s.d.r.c.RepositoryConfigurationDelegate - Bootstrapping Spring Data JPA repositories in DEFAULT mode.
2025-12-22 09:38:36.814 [JavaFX-Launcher] INFO  o.s.d.r.c.RepositoryConfigurationDelegate - Finished Spring Data repository scanning in 111 ms. Found 4 JPA repository interfaces.
2025-12-22 09:38:37.838 [JavaFX-Launcher] INFO  o.h.jpa.internal.util.LogHelper - HHH000204: Processing PersistenceUnitInfo [name: default]
2025-12-22 09:38:38.066 [JavaFX-Launcher] INFO  org.hibernate.Version - HHH000412: Hibernate ORM core version 6.3.1.Final
2025-12-22 09:38:38.163 [JavaFX-Launcher] INFO  o.h.c.i.RegionFactoryInitiator - HHH000026: Second-level cache disabled
2025-12-22 09:38:38.618 [JavaFX-Launcher] INFO  o.s.o.j.p.SpringPersistenceUnitInfo - No LoadTimeWeaver setup: ignoring JPA class transformer
2025-12-22 09:38:38.657 [JavaFX-Launcher] INFO  com.zaxxer.hikari.HikariDataSource - HikariPool-1 - Starting...
2025-12-22 09:38:38.871 [JavaFX-Launcher] INFO  com.zaxxer.hikari.pool.HikariPool - HikariPool-1 - Added connection org.sqlite.jdbc4.JDBC4Connection@69e2ba21
2025-12-22 09:38:38.873 [JavaFX-Launcher] INFO  com.zaxxer.hikari.HikariDataSource - HikariPool-1 - Start completed.
2025-12-22 09:38:40.332 [JavaFX-Launcher] INFO  o.h.e.t.j.p.i.JtaPlatformInitiator - HHH000489: No JTA platform available (set 'hibernate.transaction.jta.platform' to enable JTA platform integration)
2025-12-22 09:38:40.378 [JavaFX-Launcher] INFO  o.s.o.j.LocalContainerEntityManagerFactoryBean - Initialized JPA EntityManagerFactory for persistence unit 'default'
2025-12-22 09:38:41.828 [JavaFX-Launcher] INFO  o.s.boot.SpringApplication - Started application in 6.99 seconds (process running for 8.821)
2025-12-22 09:38:41.843 [JavaFX-Launcher] INFO  c.a.sistema.service.BackupService - Backup antigo removido pela rotação: backup_2025-12-21_23-36-44.db
2025-12-22 09:38:41.844 [JavaFX-Launcher] INFO  c.a.sistema.service.BackupService - Backup automático realizado: backup_2025-12-22_09-38-41.db. Backups mantidos: 10
2025-12-22 09:38:46.787 [JavaFX Application Thread] WARN  o.h.e.jdbc.spi.SqlExceptionHelper - SQL Error: 0, SQLState: null
2025-12-22 09:38:46.788 [JavaFX Application Thread] ERROR o.h.e.jdbc.spi.SqlExceptionHelper - Error parsing date
2025-12-22 09:38:48.928 [SpringApplicationShutdownHook] INFO  o.s.o.j.LocalContainerEntityManagerFactoryBean - Closing JPA EntityManagerFactory for persistence unit 'default'
2025-12-22 09:38:48.930 [SpringApplicationShutdownHook] INFO  com.zaxxer.hikari.HikariDataSource - HikariPool-1 - Shutdown initiated...
2025-12-22 09:38:48.936 [SpringApplicationShutdownHook] INFO  com.zaxxer.hikari.HikariDataSource - HikariPool-1 - Shutdown completed.
2025-12-22 09:41:11.496 [JavaFX-Launcher] INFO  o.s.boot.SpringApplication - Starting application using Java 21.0.9 with PID 30796 (started by mathe in e:\Projetos VSCODE\refatoracao-agricultura-java)
2025-12-22 09:41:11.500 [JavaFX-Launcher] INFO  o.s.boot.SpringApplication - No active profile set, falling back to 1 default profile: "default"
2025-12-22 09:41:12.451 [JavaFX-Launcher] INFO  o.s.d.r.c.RepositoryConfigurationDelegate - Bootstrapping Spring Data JPA repositories in DEFAULT mode.
2025-12-22 09:41:12.565 [JavaFX-Launcher] INFO  o.s.d.r.c.RepositoryConfigurationDelegate - Finished Spring Data repository scanning in 97 ms. Found 4 JPA repository interfaces.
2025-12-22 09:41:13.627 [JavaFX-Launcher] INFO  o.h.jpa.internal.util.LogHelper - HHH000204: Processing PersistenceUnitInfo [name: default]
2025-12-22 09:41:13.740 [JavaFX-Launcher] INFO  org.hibernate.Version - HHH000412: Hibernate ORM core version 6.3.1.Final
2025-12-22 09:41:13.821 [JavaFX-Launcher] INFO  o.h.c.i.RegionFactoryInitiator - HHH000026: Second-level cache disabled
2025-12-22 09:41:14.213 [JavaFX-Launcher] INFO  o.s.o.j.p.SpringPersistenceUnitInfo - No LoadTimeWeaver setup: ignoring JPA class transformer
2025-12-22 09:41:14.251 [JavaFX-Launcher] INFO  com.zaxxer.hikari.HikariDataSource - HikariPool-1 - Starting...
2025-12-22 09:41:14.457 [JavaFX-Launcher] INFO  com.zaxxer.hikari.pool.HikariPool - HikariPool-1 - Added connection org.sqlite.jdbc4.JDBC4Connection@788a3d40
2025-12-22 09:41:14.458 [JavaFX-Launcher] INFO  com.zaxxer.hikari.HikariDataSource - HikariPool-1 - Start completed.
2025-12-22 09:41:15.994 [JavaFX-Launcher] INFO  o.h.e.t.j.p.i.JtaPlatformInitiator - HHH000489: No JTA platform available (set 'hibernate.transaction.jta.platform' to enable JTA platform integration)
2025-12-22 09:41:16.049 [JavaFX-Launcher] INFO  o.s.o.j.LocalContainerEntityManagerFactoryBean - Initialized JPA EntityManagerFactory for persistence unit 'default'
2025-12-22 09:41:17.478 [JavaFX-Launcher] INFO  o.s.boot.SpringApplication - Started application in 7.067 seconds (process running for 8.942)
2025-12-22 09:41:17.878 [JavaFX-Launcher] INFO  c.a.sistema.service.BackupService - Backup antigo removido pela rotação: backup_2025-12-22_08-20-13.db
2025-12-22 09:41:17.878 [JavaFX-Launcher] INFO  c.a.sistema.service.BackupService - Backup automático realizado: backup_2025-12-22_09-41-17.db. Backups mantidos: 10
2025-12-22 09:41:21.785 [JavaFX Application Thread] WARN  o.h.e.jdbc.spi.SqlExceptionHelper - SQL Error: 0, SQLState: null
2025-12-22 09:41:21.785 [JavaFX Application Thread] ERROR o.h.e.jdbc.spi.SqlExceptionHelper - Error parsing date
2025-12-22 09:41:24.147 [JavaFX Application Thread] INFO  o.s.o.j.LocalContainerEntityManagerFactoryBean - Closing JPA EntityManagerFactory for persistence unit 'default'
2025-12-22 09:41:24.151 [JavaFX Application Thread] INFO  com.zaxxer.hikari.HikariDataSource - HikariPool-1 - Shutdown initiated...
2025-12-22 09:41:24.180 [JavaFX Application Thread] INFO  com.zaxxer.hikari.HikariDataSource - HikariPool-1 - Shutdown completed.
2025-12-22 09:45:03.107 [JavaFX-Launcher] INFO  o.s.boot.SpringApplication - Starting application using Java 21.0.9 with PID 19320 (started by mathe in e:\Projetos VSCODE\refatoracao-agricultura-java)
2025-12-22 09:45:03.113 [JavaFX-Launcher] INFO  o.s.boot.SpringApplication - No active profile set, falling back to 1 default profile: "default"
2025-12-22 09:45:04.181 [JavaFX-Launcher] INFO  o.s.d.r.c.RepositoryConfigurationDelegate - Bootstrapping Spring Data JPA repositories in DEFAULT mode.
2025-12-22 09:45:04.328 [JavaFX-Launcher] INFO  o.s.d.r.c.RepositoryConfigurationDelegate - Finished Spring Data repository scanning in 125 ms. Found 4 JPA repository interfaces.
2025-12-22 09:45:05.417 [JavaFX-Launcher] INFO  o.h.jpa.internal.util.LogHelper - HHH000204: Processing PersistenceUnitInfo [name: default]
2025-12-22 09:45:05.550 [JavaFX-Launcher] INFO  org.hibernate.Version - HHH000412: Hibernate ORM core version 6.3.1.Final
2025-12-22 09:45:05.626 [JavaFX-Launcher] INFO  o.h.c.i.RegionFactoryInitiator - HHH000026: Second-level cache disabled
2025-12-22 09:45:06.010 [JavaFX-Launcher] INFO  o.s.o.j.p.SpringPersistenceUnitInfo - No LoadTimeWeaver setup: ignoring JPA class transformer
2025-12-22 09:45:06.070 [JavaFX-Launcher] INFO  com.zaxxer.hikari.HikariDataSource - HikariPool-1 - Starting...
2025-12-22 09:45:06.305 [JavaFX-Launcher] INFO  com.zaxxer.hikari.pool.HikariPool - HikariPool-1 - Added connection org.sqlite.jdbc4.JDBC4Connection@5c3af9a0
2025-12-22 09:45:06.307 [JavaFX-Launcher] INFO  com.zaxxer.hikari.HikariDataSource - HikariPool-1 - Start completed.
2025-12-22 09:45:07.911 [JavaFX-Launcher] INFO  o.h.e.t.j.p.i.JtaPlatformInitiator - HHH000489: No JTA platform available (set 'hibernate.transaction.jta.platform' to enable JTA platform integration)
2025-12-22 09:45:07.958 [JavaFX-Launcher] INFO  o.s.o.j.LocalContainerEntityManagerFactoryBean - Initialized JPA EntityManagerFactory for persistence unit 'default'
2025-12-22 09:45:09.470 [JavaFX-Launcher] INFO  o.s.boot.SpringApplication - Started application in 7.25 seconds (process running for 9.149)
2025-12-22 09:45:09.487 [JavaFX-Launcher] INFO  c.a.sistema.service.BackupService - Backup antigo removido pela rotação: backup_2025-12-22_08-35-51.db
2025-12-22 09:45:09.488 [JavaFX-Launcher] INFO  c.a.sistema.service.BackupService - Backup automático realizado: backup_2025-12-22_09-45-09.db. Backups mantidos: 10
2025-12-22 09:45:12.942 [JavaFX Application Thread] WARN  o.h.e.jdbc.spi.SqlExceptionHelper - SQL Error: 0, SQLState: null
2025-12-22 09:45:12.942 [JavaFX Application Thread] ERROR o.h.e.jdbc.spi.SqlExceptionHelper - Error parsing date
2025-12-22 09:45:16.367 [JavaFX Application Thread] INFO  o.s.o.j.LocalContainerEntityManagerFactoryBean - Closing JPA EntityManagerFactory for persistence unit 'default'
2025-12-22 09:45:16.370 [JavaFX Application Thread] INFO  com.zaxxer.hikari.HikariDataSource - HikariPool-1 - Shutdown initiated...
2025-12-22 09:45:16.389 [JavaFX Application Thread] INFO  com.zaxxer.hikari.HikariDataSource - HikariPool-1 - Shutdown completed.
2025-12-22 09:52:54.928 [JavaFX-Launcher] INFO  o.s.boot.SpringApplication - Starting application using Java 21.0.9 with PID 29612 (started by mathe in e:\Projetos VSCODE\refatoracao-agricultura-java)
2025-12-22 09:52:54.931 [JavaFX-Launcher] INFO  o.s.boot.SpringApplication - No active profile set, falling back to 1 default profile: "default"
2025-12-22 09:52:55.903 [JavaFX-Launcher] INFO  o.s.d.r.c.RepositoryConfigurationDelegate - Bootstrapping Spring Data JPA repositories in DEFAULT mode.
2025-12-22 09:52:56.070 [JavaFX-Launcher] INFO  o.s.d.r.c.RepositoryConfigurationDelegate - Finished Spring Data repository scanning in 133 ms. Found 4 JPA repository interfaces.
2025-12-22 09:52:56.997 [JavaFX-Launcher] INFO  o.h.jpa.internal.util.LogHelper - HHH000204: Processing PersistenceUnitInfo [name: default]
2025-12-22 09:52:57.857 [JavaFX-Launcher] INFO  org.hibernate.Version - HHH000412: Hibernate ORM core version 6.3.1.Final
2025-12-22 09:52:57.917 [JavaFX-Launcher] INFO  o.h.c.i.RegionFactoryInitiator - HHH000026: Second-level cache disabled
2025-12-22 09:52:58.421 [JavaFX-Launcher] INFO  o.s.o.j.p.SpringPersistenceUnitInfo - No LoadTimeWeaver setup: ignoring JPA class transformer
2025-12-22 09:52:58.471 [JavaFX-Launcher] INFO  com.zaxxer.hikari.HikariDataSource - HikariPool-1 - Starting...
2025-12-22 09:52:58.797 [JavaFX-Launcher] INFO  com.zaxxer.hikari.pool.HikariPool - HikariPool-1 - Added connection org.sqlite.jdbc4.JDBC4Connection@7a3d80eb
2025-12-22 09:52:58.800 [JavaFX-Launcher] INFO  com.zaxxer.hikari.HikariDataSource - HikariPool-1 - Start completed.
2025-12-22 09:53:00.498 [JavaFX-Launcher] INFO  o.h.e.t.j.p.i.JtaPlatformInitiator - HHH000489: No JTA platform available (set 'hibernate.transaction.jta.platform' to enable JTA platform integration)
2025-12-22 09:53:00.564 [JavaFX-Launcher] INFO  o.s.o.j.LocalContainerEntityManagerFactoryBean - Initialized JPA EntityManagerFactory for persistence unit 'default'
2025-12-22 09:53:02.218 [JavaFX-Launcher] INFO  o.s.boot.SpringApplication - Started application in 8.255 seconds (process running for 10.28)
2025-12-22 09:53:02.235 [JavaFX-Launcher] INFO  c.a.sistema.service.BackupService - Backup antigo removido pela rotação: backup_2025-12-22_08-45-02.db
2025-12-22 09:53:02.235 [JavaFX-Launcher] INFO  c.a.sistema.service.BackupService - Backup automático realizado: backup_2025-12-22_09-53-02.db. Backups mantidos: 10
2025-12-22 09:53:08.835 [JavaFX Application Thread] WARN  o.h.e.jdbc.spi.SqlExceptionHelper - SQL Error: 0, SQLState: null
2025-12-22 09:53:08.835 [JavaFX Application Thread] ERROR o.h.e.jdbc.spi.SqlExceptionHelper - Error parsing date
2025-12-22 09:53:10.790 [JavaFX Application Thread] INFO  o.s.o.j.LocalContainerEntityManagerFactoryBean - Closing JPA EntityManagerFactory for persistence unit 'default'
2025-12-22 09:53:10.794 [JavaFX Application Thread] INFO  com.zaxxer.hikari.HikariDataSource - HikariPool-1 - Shutdown initiated...
2025-12-22 09:53:10.908 [JavaFX Application Thread] INFO  com.zaxxer.hikari.HikariDataSource - HikariPool-1 - Shutdown completed.
